<?xml version="1.0" encoding="UTF-8"?>
<testng-results ignored="0" total="2" passed="2" failed="0" skipped="0">
  <reporter-output>
  </reporter-output>
  <suite started-at="2022-03-04T11:55:08 IST" name="Suite" finished-at="2022-03-04T11:55:26 IST" duration-ms="17808">
    <groups>
    </groups>
    <test started-at="2022-03-04T11:55:08 IST" name="Test" finished-at="2022-03-04T11:55:26 IST" duration-ms="17808">
      <class name="com.softway.test.eCom">
        <test-method is-config="true" signature="setUp()[pri:0, instance:com.softway.test.eCom@229d10bd]" started-at="2022-03-04T11:55:08 IST" name="setUp" finished-at="2022-03-04T11:55:10 IST" duration-ms="1310" status="PASS">
          <reporter-output>
          </reporter-output>
        </test-method> <!-- setUp -->
        <test-method signature="flipkart()[pri:0, instance:com.softway.test.eCom@229d10bd]" started-at="2022-03-04T11:55:10 IST" name="flipkart" finished-at="2022-03-04T11:55:14 IST" duration-ms="3727" status="PASS">
          <reporter-output>
          </reporter-output>
        </test-method> <!-- flipkart -->
        <test-method is-config="true" signature="cleanUp()[pri:0, instance:com.softway.test.eCom@229d10bd]" started-at="2022-03-04T11:55:14 IST" name="cleanUp" finished-at="2022-03-04T11:55:18 IST" duration-ms="4142" status="PASS">
          <reporter-output>
          </reporter-output>
        </test-method> <!-- cleanUp -->
        <test-method is-config="true" signature="setUp()[pri:0, instance:com.softway.test.eCom@229d10bd]" started-at="2022-03-04T11:55:18 IST" name="setUp" finished-at="2022-03-04T11:55:18 IST" duration-ms="737" status="PASS">
          <reporter-output>
          </reporter-output>
        </test-method> <!-- setUp -->
        <test-method signature="amazon()[pri:0, instance:com.softway.test.eCom@229d10bd]" started-at="2022-03-04T11:55:18 IST" name="amazon" finished-at="2022-03-04T11:55:22 IST" depends-on-methods="com.softway.test.eCom.flipkart" duration-ms="3661" status="PASS">
          <reporter-output>
          </reporter-output>
        </test-method> <!-- amazon -->
        <test-method is-config="true" signature="cleanUp()[pri:0, instance:com.softway.test.eCom@229d10bd]" started-at="2022-03-04T11:55:22 IST" name="cleanUp" finished-at="2022-03-04T11:55:26 IST" duration-ms="4131" status="PASS">
          <reporter-output>
          </reporter-output>
        </test-method> <!-- cleanUp -->
        <test-method is-config="true" signature="quiteSession()[pri:0, instance:com.softway.test.eCom@229d10bd]" started-at="2022-03-04T11:55:26 IST" name="quiteSession" finished-at="2022-03-04T11:55:26 IST" duration-ms="78" status="PASS">
          <reporter-output>
          </reporter-output>
        </test-method> <!-- quiteSession -->
        <test-method is-config="true" signature="getCheaperPrice()[pri:0, instance:com.softway.test.eCom@229d10bd]" started-at="2022-03-04T11:55:26 IST" name="getCheaperPrice" finished-at="2022-03-04T11:55:26 IST" duration-ms="0" status="PASS">
          <reporter-output>
          </reporter-output>
        </test-method> <!-- getCheaperPrice -->
      </class> <!-- com.softway.test.eCom -->
    </test> <!-- Test -->
  </suite> <!-- Suite -->
</testng-results>
