<?xml version="1.0" encoding="UTF-8"?>
<testng-results ignored="0" total="2" passed="2" failed="0" skipped="0">
  <reporter-output>
  </reporter-output>
  <suite started-at="2022-03-04T11:38:51 IST" name="Default suite" finished-at="2022-03-04T11:39:09 IST" duration-ms="17838">
    <groups>
    </groups>
    <test started-at="2022-03-04T11:38:51 IST" name="Default test" finished-at="2022-03-04T11:39:09 IST" duration-ms="17838">
      <class name="com.softway.test.eCom">
        <test-method is-config="true" signature="setUp()[pri:0, instance:com.softway.test.eCom@1ab3a8c8]" started-at="2022-03-04T11:38:51 IST" name="setUp" finished-at="2022-03-04T11:38:52 IST" duration-ms="1334" status="PASS">
          <reporter-output>
          </reporter-output>
        </test-method> <!-- setUp -->
        <test-method signature="flipkart()[pri:0, instance:com.softway.test.eCom@1ab3a8c8]" started-at="2022-03-04T11:38:52 IST" name="flipkart" finished-at="2022-03-04T11:38:55 IST" duration-ms="3226" status="PASS">
          <reporter-output>
          </reporter-output>
        </test-method> <!-- flipkart -->
        <test-method is-config="true" signature="cleanUp()[pri:0, instance:com.softway.test.eCom@1ab3a8c8]" started-at="2022-03-04T11:38:55 IST" name="cleanUp" finished-at="2022-03-04T11:39:00 IST" duration-ms="4123" status="PASS">
          <reporter-output>
          </reporter-output>
        </test-method> <!-- cleanUp -->
        <test-method is-config="true" signature="setUp()[pri:0, instance:com.softway.test.eCom@1ab3a8c8]" started-at="2022-03-04T11:39:00 IST" name="setUp" finished-at="2022-03-04T11:39:00 IST" duration-ms="734" status="PASS">
          <reporter-output>
          </reporter-output>
        </test-method> <!-- setUp -->
        <test-method signature="amazon()[pri:0, instance:com.softway.test.eCom@1ab3a8c8]" started-at="2022-03-04T11:39:00 IST" name="amazon" finished-at="2022-03-04T11:39:04 IST" depends-on-methods="com.softway.test.eCom.flipkart" duration-ms="4192" status="PASS">
          <reporter-output>
          </reporter-output>
        </test-method> <!-- amazon -->
        <test-method is-config="true" signature="cleanUp()[pri:0, instance:com.softway.test.eCom@1ab3a8c8]" started-at="2022-03-04T11:39:04 IST" name="cleanUp" finished-at="2022-03-04T11:39:09 IST" duration-ms="4139" status="PASS">
          <reporter-output>
          </reporter-output>
        </test-method> <!-- cleanUp -->
        <test-method is-config="true" signature="quiteSession()[pri:0, instance:com.softway.test.eCom@1ab3a8c8]" started-at="2022-03-04T11:39:09 IST" name="quiteSession" finished-at="2022-03-04T11:39:09 IST" duration-ms="63" status="PASS">
          <reporter-output>
          </reporter-output>
        </test-method> <!-- quiteSession -->
        <test-method is-config="true" signature="getCheaperPrice()[pri:0, instance:com.softway.test.eCom@1ab3a8c8]" started-at="2022-03-04T11:39:09 IST" name="getCheaperPrice" finished-at="2022-03-04T11:39:09 IST" duration-ms="0" status="PASS">
          <reporter-output>
          </reporter-output>
        </test-method> <!-- getCheaperPrice -->
      </class> <!-- com.softway.test.eCom -->
    </test> <!-- Default test -->
  </suite> <!-- Default suite -->
</testng-results>
